<?xml version="1.0" encoding="UTF-8"?>
<!-- Generated by org.testng.reporters.JUnitXMLReporter -->
<testsuite ignored="2" hostname="Raj" failures="0" tests="4" name="Default test" time="9.706" errors="0" timestamp="2024-05-27T22:08:01 IST">
  <testcase classname="automationScripts.AmazonFeatureTests" name="verifyTitleOfThePage" time="0.017"/>
  <testcase classname="automationScripts.AmazonFeatureTests" name="searchProduct" time="2.92"/>
  <testcase classname="automationScripts.AmazonFeatureTests" name="getNthProduct" time="0.042"/>
  <testcase classname="automationScripts.AmazonFeatureTests" name="getAllProductsViaScrollDownUsingJS" time="0.841"/>
  <testcase classname="automationScripts.AmazonFeatureTests" name="searchAllProductsViaScrollDown" time="0.0">
    <ignored/>
  </testcase> <!-- searchAllProductsViaScrollDown -->
  <testcase classname="automationScripts.AmazonFeatureTests" name="getAllProducts" time="0.0">
    <ignored/>
  </testcase> <!-- getAllProducts -->
</testsuite> <!-- Default test -->
