<?xml version="1.0" encoding="UTF-8"?>
<testng-results ignored="2" total="6" passed="4" failed="0" skipped="0">
  <reporter-output>
  </reporter-output>
  <suite started-at="2024-05-27T22:07:51 IST" name="Default suite" finished-at="2024-05-27T22:08:01 IST" duration-ms="9706">
    <groups>
    </groups>
    <test started-at="2024-05-27T22:07:51 IST" name="Default test" finished-at="2024-05-27T22:08:01 IST" duration-ms="9706">
      <class name="automationScripts.AmazonFeatureTests">
        <test-method is-config="true" signature="invokeBrowser()[pri:0, instance:automationScripts.AmazonFeatureTests@3c7f66c4]" started-at="2024-05-27T22:07:51 IST" name="invokeBrowser" finished-at="2024-05-27T22:07:57 IST" duration-ms="5560" status="PASS">
          <reporter-output>
          </reporter-output>
        </test-method> <!-- invokeBrowser -->
        <test-method signature="verifyTitleOfThePage()[pri:0, instance:automationScripts.AmazonFeatureTests@3c7f66c4]" started-at="2024-05-27T22:07:57 IST" name="verifyTitleOfThePage" finished-at="2024-05-27T22:07:57 IST" duration-ms="17" status="PASS">
          <reporter-output>
          </reporter-output>
        </test-method> <!-- verifyTitleOfThePage -->
        <test-method signature="searchProduct()[pri:100, instance:automationScripts.AmazonFeatureTests@3c7f66c4]" started-at="2024-05-27T22:07:57 IST" name="searchProduct" finished-at="2024-05-27T22:08:00 IST" duration-ms="2920" status="PASS">
          <reporter-output>
          </reporter-output>
        </test-method> <!-- searchProduct -->
        <test-method signature="getNthProduct()[pri:200, instance:automationScripts.AmazonFeatureTests@3c7f66c4]" started-at="2024-05-27T22:08:00 IST" name="getNthProduct" finished-at="2024-05-27T22:08:00 IST" duration-ms="42" status="PASS">
          <reporter-output>
          </reporter-output>
        </test-method> <!-- getNthProduct -->
        <test-method signature="getAllProductsViaScrollDownUsingJS()[pri:500, instance:automationScripts.AmazonFeatureTests@3c7f66c4]" started-at="2024-05-27T22:08:00 IST" name="getAllProductsViaScrollDownUsingJS" finished-at="2024-05-27T22:08:01 IST" duration-ms="841" status="PASS">
          <reporter-output>
          </reporter-output>
        </test-method> <!-- getAllProductsViaScrollDownUsingJS -->
        <test-method is-config="true" signature="closeBrowser()[pri:0, instance:automationScripts.AmazonFeatureTests@3c7f66c4]" started-at="2024-05-27T22:08:01 IST" name="closeBrowser" finished-at="2024-05-27T22:08:01 IST" duration-ms="291" status="PASS">
          <reporter-output>
          </reporter-output>
        </test-method> <!-- closeBrowser -->
      </class> <!-- automationScripts.AmazonFeatureTests -->
    </test> <!-- Default test -->
  </suite> <!-- Default suite -->
</testng-results>
